2026-05-14T10:01:51.170Z  INFO [auth-service,trace=,span=] 1 --- [auth-service] [main] [                                                 ] c.ecommerce.auth.AuthServiceApplication  : Starting AuthServiceApplication using Java 17.0.18 with PID 1 (/app/app.jar started by root in /app)
2026-05-14T10:01:51.344Z  INFO [auth-service,trace=,span=] 1 --- [auth-service] [main] [                                                 ] c.ecommerce.auth.AuthServiceApplication  : No active profile set, falling back to 1 default profile: "default"
2026-05-14T10:02:16.644Z  INFO [auth-service,trace=,span=] 1 --- [auth-service] [main] [                                                 ] .s.d.r.c.RepositoryConfigurationDelegate : Bootstrapping Spring Data JPA repositories in DEFAULT mode.
2026-05-14T10:02:20.410Z  INFO [auth-service,trace=,span=] 1 --- [auth-service] [main] [                                                 ] .s.d.r.c.RepositoryConfigurationDelegate : Finished Spring Data repository scanning in 3598 ms. Found 1 JPA repository interface.
2026-05-14T10:02:24.690Z  INFO [auth-service,trace=,span=] 1 --- [auth-service] [main] [                                                 ] o.s.cloud.context.scope.GenericScope     : BeanFactory id=f61d2ab9-a76d-3ef7-8bde-c4000cf07f0a
2026-05-14T10:02:33.765Z  WARN [auth-service,trace=,span=] 1 --- [auth-service] [main] [                                                 ] trationDelegate$BeanPostProcessorChecker : Bean 'org.springframework.cloud.client.loadbalancer.LoadBalancerAutoConfiguration$DeferringLoadBalancerInterceptorConfig' of type [org.springframework.cloud.client.loadbalancer.LoadBalancerAutoConfiguration$DeferringLoadBalancerInterceptorConfig] is not eligible for getting processed by all BeanPostProcessors (for example: not eligible for auto-proxying). The currently created BeanPostProcessor [lbRestClientPostProcessor] is declared through a non-static factory method on that class; consider declaring it as static instead.
2026-05-14T10:02:33.877Z  WARN [auth-service,trace=,span=] 1 --- [auth-service] [main] [                                                 ] trationDelegate$BeanPostProcessorChecker : Bean 'deferringLoadBalancerInterceptor' of type [org.springframework.cloud.client.loadbalancer.DeferringLoadBalancerInterceptor] is not eligible for getting processed by all BeanPostProcessors (for example: not eligible for auto-proxying). Is this bean getting eagerly injected into a currently created BeanPostProcessor [lbRestClientPostProcessor]? Check the corresponding BeanPostProcessor declaration and its dependencies.
2026-05-14T10:02:41.317Z  INFO [auth-service,trace=,span=] 1 --- [auth-service] [main] [                                                 ] o.s.b.w.embedded.tomcat.TomcatWebServer  : Tomcat initialized with port 8084 (http)
2026-05-14T10:02:41.507Z  INFO [auth-service,trace=,span=] 1 --- [auth-service] [main] [                                                 ] o.apache.catalina.core.StandardService   : Starting service [Tomcat]
2026-05-14T10:02:41.526Z  INFO [auth-service,trace=,span=] 1 --- [auth-service] [main] [                                                 ] o.apache.catalina.core.StandardEngine    : Starting Servlet engine: [Apache Tomcat/10.1.20]
2026-05-14T10:02:42.294Z  INFO [auth-service,trace=,span=] 1 --- [auth-service] [main] [                                                 ] o.a.c.c.C.[Tomcat].[localhost].[/]       : Initializing Spring embedded WebApplicationContext
2026-05-14T10:02:42.339Z  INFO [auth-service,trace=,span=] 1 --- [auth-service] [main] [                                                 ] w.s.c.ServletWebServerApplicationContext : Root WebApplicationContext: initialization completed in 48574 ms
2026-05-14T10:03:03.573Z  INFO [auth-service,trace=,span=] 1 --- [auth-service] [main] [                                                 ] o.hibernate.jpa.internal.util.LogHelper  : HHH000204: Processing PersistenceUnitInfo [name: default]
2026-05-14T10:03:04.822Z  INFO [auth-service,trace=,span=] 1 --- [auth-service] [main] [                                                 ] org.hibernate.Version                    : HHH000412: Hibernate ORM core version 6.4.4.Final
2026-05-14T10:03:06.223Z  INFO [auth-service,trace=,span=] 1 --- [auth-service] [main] [                                                 ] o.h.c.internal.RegionFactoryInitiator    : HHH000026: Second-level cache disabled
2026-05-14T10:03:12.550Z  INFO [auth-service,trace=,span=] 1 --- [auth-service] [main] [                                                 ] o.s.o.j.p.SpringPersistenceUnitInfo      : No LoadTimeWeaver setup: ignoring JPA class transformer
2026-05-14T10:03:13.182Z  INFO [auth-service,trace=,span=] 1 --- [auth-service] [main] [                                                 ] com.zaxxer.hikari.HikariDataSource       : HikariPool-1 - Starting...
2026-05-14T10:03:19.924Z  INFO [auth-service,trace=,span=] 1 --- [auth-service] [main] [                                                 ] com.zaxxer.hikari.pool.HikariPool        : HikariPool-1 - Added connection com.mysql.cj.jdbc.ConnectionImpl@5036a286
2026-05-14T10:03:19.962Z  INFO [auth-service,trace=,span=] 1 --- [auth-service] [main] [                                                 ] com.zaxxer.hikari.HikariDataSource       : HikariPool-1 - Start completed.
2026-05-14T10:03:30.005Z  INFO [auth-service,trace=,span=] 1 --- [auth-service] [main] [                                                 ] o.h.e.t.j.p.i.JtaPlatformInitiator       : HHH000489: No JTA platform available (set 'hibernate.transaction.jta.platform' to enable JTA platform integration)
2026-05-14T10:03:30.606Z  INFO [auth-service,trace=,span=] 1 --- [auth-service] [main] [                                                 ] j.LocalContainerEntityManagerFactoryBean : Initialized JPA EntityManagerFactory for persistence unit 'default'
2026-05-14T10:03:54.947Z  INFO [auth-service,trace=,span=] 1 --- [auth-service] [main] [                                                 ] DiscoveryClientOptionalArgsConfiguration : Eureka HTTP Client uses RestTemplate.
2026-05-14T10:03:56.243Z  WARN [auth-service,trace=,span=] 1 --- [auth-service] [main] [                                                 ] iguration$LoadBalancerCaffeineWarnLogger : Spring Cloud LoadBalancer is currently working with the default cache. While this cache implementation is useful for development and tests, it's recommended to use Caffeine cache in production.You can switch to using Caffeine cache, by adding it and org.springframework.cache.caffeine.CaffeineCacheManager to the classpath.
2026-05-14T10:03:56.487Z  INFO [auth-service,trace=,span=] 1 --- [auth-service] [main] [                                                 ] o.s.b.a.e.web.EndpointLinksResolver      : Exposing 3 endpoint(s) beneath base path '/actuator'
2026-05-14T10:03:57.775Z  INFO [auth-service,trace=,span=] 1 --- [auth-service] [main] [                                                 ] o.s.c.n.eureka.InstanceInfoFactory       : Setting initial instance status as: STARTING
2026-05-14T10:04:00.179Z  INFO [auth-service,trace=,span=] 1 --- [auth-service] [main] [                                                 ] com.netflix.discovery.DiscoveryClient    : Initializing Eureka in region us-east-1
2026-05-14T10:04:00.418Z  INFO [auth-service,trace=,span=] 1 --- [auth-service] [main] [                                                 ] c.n.d.s.r.aws.ConfigClusterResolver      : Resolving eureka endpoints via configuration
2026-05-14T10:04:01.385Z  INFO [auth-service,trace=,span=] 1 --- [auth-service] [main] [                                                 ] com.netflix.discovery.DiscoveryClient    : Disable delta property : false
2026-05-14T10:04:01.431Z  INFO [auth-service,trace=,span=] 1 --- [auth-service] [main] [                                                 ] com.netflix.discovery.DiscoveryClient    : Single vip registry refresh property : null
2026-05-14T10:04:01.494Z  INFO [auth-service,trace=,span=] 1 --- [auth-service] [main] [                                                 ] com.netflix.discovery.DiscoveryClient    : Force full registry fetch : false
2026-05-14T10:04:01.551Z  INFO [auth-service,trace=,span=] 1 --- [auth-service] [main] [                                                 ] com.netflix.discovery.DiscoveryClient    : Application is null : false
2026-05-14T10:04:01.567Z  INFO [auth-service,trace=,span=] 1 --- [auth-service] [main] [                                                 ] com.netflix.discovery.DiscoveryClient    : Registered Applications size is zero : true
2026-05-14T10:04:01.655Z  INFO [auth-service,trace=,span=] 1 --- [auth-service] [main] [                                                 ] com.netflix.discovery.DiscoveryClient    : Application version is -1: true
2026-05-14T10:04:01.675Z  INFO [auth-service,trace=,span=] 1 --- [auth-service] [main] [                                                 ] com.netflix.discovery.DiscoveryClient    : Getting all instance registry info from the eureka server
2026-05-14T10:04:07.568Z  INFO [auth-service,trace=,span=] 1 --- [auth-service] [main] [                                                 ] com.netflix.discovery.DiscoveryClient    : The response status is 200
2026-05-14T10:04:07.665Z  INFO [auth-service,trace=,span=] 1 --- [auth-service] [main] [                                                 ] com.netflix.discovery.DiscoveryClient    : Starting heartbeat executor: renew interval is: 30
2026-05-14T10:04:07.703Z  INFO [auth-service,trace=,span=] 1 --- [auth-service] [main] [                                                 ] c.n.discovery.InstanceInfoReplicator     : InstanceInfoReplicator onDemand update allowed rate per min is 4
2026-05-14T10:04:07.861Z  INFO [auth-service,trace=,span=] 1 --- [auth-service] [main] [                                                 ] com.netflix.discovery.DiscoveryClient    : Discovery Client initialized at timestamp 1778753047847 with initial instances count: 7
2026-05-14T10:04:07.980Z  INFO [auth-service,trace=,span=] 1 --- [auth-service] [main] [                                                 ] o.s.c.n.e.s.EurekaServiceRegistry        : Registering application AUTH-SERVICE with eureka with status UP
2026-05-14T10:04:08.034Z  INFO [auth-service,trace=,span=] 1 --- [auth-service] [main] [                                                 ] com.netflix.discovery.DiscoveryClient    : Saw local status change event StatusChangeEvent [timestamp=1778753048034, current=UP, previous=STARTING]
2026-05-14T10:04:08.086Z  INFO [auth-service,trace=,span=] 1 --- [auth-service] [DiscoveryClient-InstanceInfoReplicator-0] [                                                 ] com.netflix.discovery.DiscoveryClient    : DiscoveryClient_AUTH-SERVICE/26802164af97:auth-service:8084: registering service...
2026-05-14T10:04:08.559Z  INFO [auth-service,trace=,span=] 1 --- [auth-service] [main] [                                                 ] o.s.b.w.embedded.tomcat.TomcatWebServer  : Tomcat started on port 8084 (http) with context path ''
2026-05-14T10:04:08.574Z  INFO [auth-service,trace=,span=] 1 --- [auth-service] [main] [                                                 ] .s.c.n.e.s.EurekaAutoServiceRegistration : Updating port to 8084
2026-05-14T10:04:09.270Z  INFO [auth-service,trace=,span=] 1 --- [auth-service] [main] [                                                 ] c.ecommerce.auth.AuthServiceApplication  : Started AuthServiceApplication in 149.846 seconds (process running for 159.077)
2026-05-14T10:04:09.380Z  INFO [auth-service,trace=,span=] 1 --- [auth-service] [DiscoveryClient-InstanceInfoReplicator-0] [                                                 ] com.netflix.discovery.DiscoveryClient    : DiscoveryClient_AUTH-SERVICE/26802164af97:auth-service:8084 - registration status: 204
2026-05-14T10:04:10.455Z  INFO [auth-service,trace=,span=] 1 --- [auth-service] [http-nio-8084-exec-1] [                                                 ] o.a.c.c.C.[Tomcat].[localhost].[/]       : Initializing Spring DispatcherServlet 'dispatcherServlet'
2026-05-14T10:04:10.467Z  INFO [auth-service,trace=,span=] 1 --- [auth-service] [http-nio-8084-exec-1] [                                                 ] o.s.web.servlet.DispatcherServlet        : Initializing Servlet 'dispatcherServlet'
2026-05-14T10:04:10.510Z  INFO [auth-service,trace=,span=] 1 --- [auth-service] [http-nio-8084-exec-1] [                                                 ] o.s.web.servlet.DispatcherServlet        : Completed initialization in 8 ms
2026-05-14T10:09:01.791Z  INFO [auth-service,trace=,span=] 1 --- [auth-service] [AsyncResolver-bootstrap-executor-0] [                                                 ] c.n.d.s.r.aws.ConfigClusterResolver      : Resolving eureka endpoints via configuration
2026-05-14T10:14:01.790Z  INFO [auth-service,trace=,span=] 1 --- [auth-service] [AsyncResolver-bootstrap-executor-0] [                                                 ] c.n.d.s.r.aws.ConfigClusterResolver      : Resolving eureka endpoints via configuration
2026-05-14T10:19:01.767Z  INFO [auth-service,trace=,span=] 1 --- [auth-service] [AsyncResolver-bootstrap-executor-0] [                                                 ] c.n.d.s.r.aws.ConfigClusterResolver      : Resolving eureka endpoints via configuration
2026-05-14T10:24:01.767Z  INFO [auth-service,trace=,span=] 1 --- [auth-service] [AsyncResolver-bootstrap-executor-0] [                                                 ] c.n.d.s.r.aws.ConfigClusterResolver      : Resolving eureka endpoints via configuration
2026-05-14T10:29:01.730Z  INFO [auth-service,trace=,span=] 1 --- [auth-service] [AsyncResolver-bootstrap-executor-0] [                                                 ] c.n.d.s.r.aws.ConfigClusterResolver      : Resolving eureka endpoints via configuration
2026-05-14T10:34:01.686Z  INFO [auth-service,trace=,span=] 1 --- [auth-service] [AsyncResolver-bootstrap-executor-0] [                                                 ] c.n.d.s.r.aws.ConfigClusterResolver      : Resolving eureka endpoints via configuration
2026-05-14T10:39:01.677Z  INFO [auth-service,trace=,span=] 1 --- [auth-service] [AsyncResolver-bootstrap-executor-0] [                                                 ] c.n.d.s.r.aws.ConfigClusterResolver      : Resolving eureka endpoints via configuration
2026-05-14T10:44:01.665Z  INFO [auth-service,trace=,span=] 1 --- [auth-service] [AsyncResolver-bootstrap-executor-0] [                                                 ] c.n.d.s.r.aws.ConfigClusterResolver      : Resolving eureka endpoints via configuration
2026-05-14T10:49:01.643Z  INFO [auth-service,trace=,span=] 1 --- [auth-service] [AsyncResolver-bootstrap-executor-0] [                                                 ] c.n.d.s.r.aws.ConfigClusterResolver      : Resolving eureka endpoints via configuration
2026-05-14T10:54:01.613Z  INFO [auth-service,trace=,span=] 1 --- [auth-service] [AsyncResolver-bootstrap-executor-0] [                                                 ] c.n.d.s.r.aws.ConfigClusterResolver      : Resolving eureka endpoints via configuration
2026-05-14T10:59:01.586Z  INFO [auth-service,trace=,span=] 1 --- [auth-service] [AsyncResolver-bootstrap-executor-0] [                                                 ] c.n.d.s.r.aws.ConfigClusterResolver      : Resolving eureka endpoints via configuration
2026-05-14T11:04:01.568Z  INFO [auth-service,trace=,span=] 1 --- [auth-service] [AsyncResolver-bootstrap-executor-0] [                                                 ] c.n.d.s.r.aws.ConfigClusterResolver      : Resolving eureka endpoints via configuration
2026-05-14T11:09:01.661Z  INFO [auth-service,trace=,span=] 1 --- [auth-service] [AsyncResolver-bootstrap-executor-0] [                                                 ] c.n.d.s.r.aws.ConfigClusterResolver      : Resolving eureka endpoints via configuration
2026-05-14T11:14:01.652Z  INFO [auth-service,trace=,span=] 1 --- [auth-service] [AsyncResolver-bootstrap-executor-0] [                                                 ] c.n.d.s.r.aws.ConfigClusterResolver      : Resolving eureka endpoints via configuration
2026-05-14T11:19:01.614Z  INFO [auth-service,trace=,span=] 1 --- [auth-service] [AsyncResolver-bootstrap-executor-0] [                                                 ] c.n.d.s.r.aws.ConfigClusterResolver      : Resolving eureka endpoints via configuration
2026-05-14T11:24:01.592Z  INFO [auth-service,trace=,span=] 1 --- [auth-service] [AsyncResolver-bootstrap-executor-0] [                                                 ] c.n.d.s.r.aws.ConfigClusterResolver      : Resolving eureka endpoints via configuration
2026-05-14T11:29:01.558Z  INFO [auth-service,trace=,span=] 1 --- [auth-service] [AsyncResolver-bootstrap-executor-0] [                                                 ] c.n.d.s.r.aws.ConfigClusterResolver      : Resolving eureka endpoints via configuration
2026-05-14T11:34:01.512Z  INFO [auth-service,trace=,span=] 1 --- [auth-service] [AsyncResolver-bootstrap-executor-0] [                                                 ] c.n.d.s.r.aws.ConfigClusterResolver      : Resolving eureka endpoints via configuration
2026-05-14T11:39:01.476Z  INFO [auth-service,trace=,span=] 1 --- [auth-service] [AsyncResolver-bootstrap-executor-0] [                                                 ] c.n.d.s.r.aws.ConfigClusterResolver      : Resolving eureka endpoints via configuration
2026-05-14T11:44:01.465Z  INFO [auth-service,trace=,span=] 1 --- [auth-service] [AsyncResolver-bootstrap-executor-0] [                                                 ] c.n.d.s.r.aws.ConfigClusterResolver      : Resolving eureka endpoints via configuration
2026-05-14T11:49:01.423Z  INFO [auth-service,trace=,span=] 1 --- [auth-service] [AsyncResolver-bootstrap-executor-0] [                                                 ] c.n.d.s.r.aws.ConfigClusterResolver      : Resolving eureka endpoints via configuration
2026-05-14T11:54:01.365Z  INFO [auth-service,trace=,span=] 1 --- [auth-service] [AsyncResolver-bootstrap-executor-0] [                                                 ] c.n.d.s.r.aws.ConfigClusterResolver      : Resolving eureka endpoints via configuration
2026-05-14T11:59:01.327Z  INFO [auth-service,trace=,span=] 1 --- [auth-service] [AsyncResolver-bootstrap-executor-0] [                                                 ] c.n.d.s.r.aws.ConfigClusterResolver      : Resolving eureka endpoints via configuration
2026-05-14T12:04:01.216Z  INFO [auth-service,trace=,span=] 1 --- [auth-service] [AsyncResolver-bootstrap-executor-0] [                                                 ] c.n.d.s.r.aws.ConfigClusterResolver      : Resolving eureka endpoints via configuration
2026-05-14T12:09:01.123Z  INFO [auth-service,trace=,span=] 1 --- [auth-service] [AsyncResolver-bootstrap-executor-0] [                                                 ] c.n.d.s.r.aws.ConfigClusterResolver      : Resolving eureka endpoints via configuration
2026-05-14T12:14:01.050Z  INFO [auth-service,trace=,span=] 1 --- [auth-service] [AsyncResolver-bootstrap-executor-0] [                                                 ] c.n.d.s.r.aws.ConfigClusterResolver      : Resolving eureka endpoints via configuration
2026-05-14T12:19:01.040Z  INFO [auth-service,trace=,span=] 1 --- [auth-service] [AsyncResolver-bootstrap-executor-0] [                                                 ] c.n.d.s.r.aws.ConfigClusterResolver      : Resolving eureka endpoints via configuration
2026-05-14T12:24:00.988Z  INFO [auth-service,trace=,span=] 1 --- [auth-service] [AsyncResolver-bootstrap-executor-0] [                                                 ] c.n.d.s.r.aws.ConfigClusterResolver      : Resolving eureka endpoints via configuration
2026-05-14T12:29:00.909Z  INFO [auth-service,trace=,span=] 1 --- [auth-service] [AsyncResolver-bootstrap-executor-0] [                                                 ] c.n.d.s.r.aws.ConfigClusterResolver      : Resolving eureka endpoints via configuration
2026-05-14T12:34:00.858Z  INFO [auth-service,trace=,span=] 1 --- [auth-service] [AsyncResolver-bootstrap-executor-0] [                                                 ] c.n.d.s.r.aws.ConfigClusterResolver      : Resolving eureka endpoints via configuration
2026-05-14T12:39:00.826Z  INFO [auth-service,trace=,span=] 1 --- [auth-service] [AsyncResolver-bootstrap-executor-0] [                                                 ] c.n.d.s.r.aws.ConfigClusterResolver      : Resolving eureka endpoints via configuration
2026-05-14T12:44:00.774Z  INFO [auth-service,trace=,span=] 1 --- [auth-service] [AsyncResolver-bootstrap-executor-0] [                                                 ] c.n.d.s.r.aws.ConfigClusterResolver      : Resolving eureka endpoints via configuration
2026-05-14T12:49:00.737Z  INFO [auth-service,trace=,span=] 1 --- [auth-service] [AsyncResolver-bootstrap-executor-0] [                                                 ] c.n.d.s.r.aws.ConfigClusterResolver      : Resolving eureka endpoints via configuration
2026-05-14T15:44:38.193Z  WARN [auth-service,trace=3435ed0d66308d73fb67c59f07ad7075,span=a76348cbd8d68aea] 1 --- [auth-service] [http-nio-8084-exec-4] [3435ed0d66308d73fb67c59f07ad7075-a76348cbd8d68aea] .m.m.a.ExceptionHandlerExceptionResolver : Failure in @ExceptionHandler com.ecommerce.auth.exception.GlobalExceptionHandler#handleGeneric(Exception, HttpServletRequest)

org.springframework.http.converter.HttpMessageNotWritableException: No converter for [class com.ecommerce.auth.exception.ApiErrorResponse] with preset Content-Type 'application/openmetrics-text;version=1.0.0;charset=utf-8'
	at org.springframework.web.servlet.mvc.method.annotation.AbstractMessageConverterMethodProcessor.writeWithMessageConverters(AbstractMessageConverterMethodProcessor.java:319) ~[spring-webmvc-6.1.6.jar!/:6.1.6]
	at org.springframework.web.servlet.mvc.method.annotation.HttpEntityMethodProcessor.handleReturnValue(HttpEntityMethodProcessor.java:245) ~[spring-webmvc-6.1.6.jar!/:6.1.6]
	at org.springframework.web.method.support.HandlerMethodReturnValueHandlerComposite.handleReturnValue(HandlerMethodReturnValueHandlerComposite.java:78) ~[spring-web-6.1.6.jar!/:6.1.6]
	at org.springframework.web.servlet.mvc.method.annotation.ServletInvocableHandlerMethod.invokeAndHandle(ServletInvocableHandlerMethod.java:136) ~[spring-webmvc-6.1.6.jar!/:6.1.6]
	at org.springframework.web.servlet.mvc.method.annotation.ExceptionHandlerExceptionResolver.doResolveHandlerMethodException(ExceptionHandlerExceptionResolver.java:432) ~[spring-webmvc-6.1.6.jar!/:6.1.6]
	at org.springframework.web.servlet.handler.AbstractHandlerMethodExceptionResolver.doResolveException(AbstractHandlerMethodExceptionResolver.java:74) ~[spring-webmvc-6.1.6.jar!/:6.1.6]
	at org.springframework.web.servlet.handler.AbstractHandlerExceptionResolver.resolveException(AbstractHandlerExceptionResolver.java:175) ~[spring-webmvc-6.1.6.jar!/:6.1.6]
	at org.springframework.web.servlet.handler.HandlerExceptionResolverComposite.resolveException(HandlerExceptionResolverComposite.java:80) ~[spring-webmvc-6.1.6.jar!/:6.1.6]
	at org.springframework.web.servlet.DispatcherServlet.processHandlerException(DispatcherServlet.java:1357) ~[spring-webmvc-6.1.6.jar!/:6.1.6]
	at org.springframework.web.servlet.DispatcherServlet.processDispatchResult(DispatcherServlet.java:1160) ~[spring-webmvc-6.1.6.jar!/:6.1.6]
	at org.springframework.web.servlet.DispatcherServlet.doDispatch(DispatcherServlet.java:1106) ~[spring-webmvc-6.1.6.jar!/:6.1.6]
	at org.springframework.web.servlet.DispatcherServlet.doService(DispatcherServlet.java:979) ~[spring-webmvc-6.1.6.jar!/:6.1.6]
	at org.springframework.web.servlet.FrameworkServlet.processRequest(FrameworkServlet.java:1014) ~[spring-webmvc-6.1.6.jar!/:6.1.6]
	at org.springframework.web.servlet.FrameworkServlet.doGet(FrameworkServlet.java:903) ~[spring-webmvc-6.1.6.jar!/:6.1.6]
	at jakarta.servlet.http.HttpServlet.service(HttpServlet.java:564) ~[tomcat-embed-core-10.1.20.jar!/:na]
	at org.springframework.web.servlet.FrameworkServlet.service(FrameworkServlet.java:885) ~[spring-webmvc-6.1.6.jar!/:6.1.6]
	at jakarta.servlet.http.HttpServlet.service(HttpServlet.java:658) ~[tomcat-embed-core-10.1.20.jar!/:na]
	at org.apache.catalina.core.ApplicationFilterChain.internalDoFilter(ApplicationFilterChain.java:206) ~[tomcat-embed-core-10.1.20.jar!/:na]
	at org.apache.catalina.core.ApplicationFilterChain.doFilter(ApplicationFilterChain.java:150) ~[tomcat-embed-core-10.1.20.jar!/:na]
	at org.apache.tomcat.websocket.server.WsFilter.doFilter(WsFilter.java:51) ~[tomcat-embed-websocket-10.1.20.jar!/:na]
	at org.apache.catalina.core.ApplicationFilterChain.internalDoFilter(ApplicationFilterChain.java:175) ~[tomcat-embed-core-10.1.20.jar!/:na]
	at org.apache.catalina.core.ApplicationFilterChain.doFilter(ApplicationFilterChain.java:150) ~[tomcat-embed-core-10.1.20.jar!/:na]
	at org.springframework.web.filter.RequestContextFilter.doFilterInternal(RequestContextFilter.java:100) ~[spring-web-6.1.6.jar!/:6.1.6]
	at org.springframework.web.filter.OncePerRequestFilter.doFilter(OncePerRequestFilter.java:116) ~[spring-web-6.1.6.jar!/:6.1.6]
	at org.apache.catalina.core.ApplicationFilterChain.internalDoFilter(ApplicationFilterChain.java:175) ~[tomcat-embed-core-10.1.20.jar!/:na]
	at org.apache.catalina.core.ApplicationFilterChain.doFilter(ApplicationFilterChain.java:150) ~[tomcat-embed-core-10.1.20.jar!/:na]
	at org.springframework.web.filter.FormContentFilter.doFilterInternal(FormContentFilter.java:93) ~[spring-web-6.1.6.jar!/:6.1.6]
	at org.springframework.web.filter.OncePerRequestFilter.doFilter(OncePerRequestFilter.java:116) ~[spring-web-6.1.6.jar!/:6.1.6]
	at org.apache.catalina.core.ApplicationFilterChain.internalDoFilter(ApplicationFilterChain.java:175) ~[tomcat-embed-core-10.1.20.jar!/:na]
	at org.apache.catalina.core.ApplicationFilterChain.doFilter(ApplicationFilterChain.java:150) ~[tomcat-embed-core-10.1.20.jar!/:na]
	at org.springframework.web.filter.ServerHttpObservationFilter.doFilterInternal(ServerHttpObservationFilter.java:109) ~[spring-web-6.1.6.jar!/:6.1.6]
	at org.springframework.web.filter.OncePerRequestFilter.doFilter(OncePerRequestFilter.java:116) ~[spring-web-6.1.6.jar!/:6.1.6]
	at org.apache.catalina.core.ApplicationFilterChain.internalDoFilter(ApplicationFilterChain.java:175) ~[tomcat-embed-core-10.1.20.jar!/:na]
	at org.apache.catalina.core.ApplicationFilterChain.doFilter(ApplicationFilterChain.java:150) ~[tomcat-embed-core-10.1.20.jar!/:na]
	at org.springframework.web.filter.CharacterEncodingFilter.doFilterInternal(CharacterEncodingFilter.java:201) ~[spring-web-6.1.6.jar!/:6.1.6]
	at org.springframework.web.filter.OncePerRequestFilter.doFilter(OncePerRequestFilter.java:116) ~[spring-web-6.1.6.jar!/:6.1.6]
	at org.apache.catalina.core.ApplicationFilterChain.internalDoFilter(ApplicationFilterChain.java:175) ~[tomcat-embed-core-10.1.20.jar!/:na]
	at org.apache.catalina.core.ApplicationFilterChain.doFilter(ApplicationFilterChain.java:150) ~[tomcat-embed-core-10.1.20.jar!/:na]
	at org.apache.catalina.core.StandardWrapperValve.invoke(StandardWrapperValve.java:167) ~[tomcat-embed-core-10.1.20.jar!/:na]
	at org.apache.catalina.core.StandardContextValve.invoke(StandardContextValve.java:90) ~[tomcat-embed-core-10.1.20.jar!/:na]
	at org.apache.catalina.authenticator.AuthenticatorBase.invoke(AuthenticatorBase.java:482) ~[tomcat-embed-core-10.1.20.jar!/:na]
	at org.apache.catalina.core.StandardHostValve.invoke(StandardHostValve.java:115) ~[tomcat-embed-core-10.1.20.jar!/:na]
	at org.apache.catalina.valves.ErrorReportValve.invoke(ErrorReportValve.java:93) ~[tomcat-embed-core-10.1.20.jar!/:na]
	at org.apache.catalina.core.StandardEngineValve.invoke(StandardEngineValve.java:74) ~[tomcat-embed-core-10.1.20.jar!/:na]
	at org.apache.catalina.connector.CoyoteAdapter.service(CoyoteAdapter.java:344) ~[tomcat-embed-core-10.1.20.jar!/:na]
	at org.apache.coyote.http11.Http11Processor.service(Http11Processor.java:391) ~[tomcat-embed-core-10.1.20.jar!/:na]
	at org.apache.coyote.AbstractProcessorLight.process(AbstractProcessorLight.java:63) ~[tomcat-embed-core-10.1.20.jar!/:na]
	at org.apache.coyote.AbstractProtocol$ConnectionHandler.process(AbstractProtocol.java:896) ~[tomcat-embed-core-10.1.20.jar!/:na]
	at org.apache.tomcat.util.net.NioEndpoint$SocketProcessor.doRun(NioEndpoint.java:1736) ~[tomcat-embed-core-10.1.20.jar!/:na]
	at org.apache.tomcat.util.net.SocketProcessorBase.run(SocketProcessorBase.java:52) ~[tomcat-embed-core-10.1.20.jar!/:na]
	at org.apache.tomcat.util.threads.ThreadPoolExecutor.runWorker(ThreadPoolExecutor.java:1191) ~[tomcat-embed-core-10.1.20.jar!/:na]
	at org.apache.tomcat.util.threads.ThreadPoolExecutor$Worker.run(ThreadPoolExecutor.java:659) ~[tomcat-embed-core-10.1.20.jar!/:na]
	at org.apache.tomcat.util.threads.TaskThread$WrappingRunnable.run(TaskThread.java:63) ~[tomcat-embed-core-10.1.20.jar!/:na]
	at java.base/java.lang.Thread.run(Unknown Source) ~[na:na]

2026-05-14T15:44:38.961Z  WARN [auth-service,trace=3435ed0d66308d73fb67c59f07ad7075,span=a76348cbd8d68aea] 1 --- [auth-service] [http-nio-8084-exec-4] [3435ed0d66308d73fb67c59f07ad7075-a76348cbd8d68aea] .w.s.m.s.DefaultHandlerExceptionResolver : Resolved [org.springframework.web.context.request.async.AsyncRequestNotUsableException: ServletOutputStream failed to write: java.io.IOException: Broken pipe]
2026-05-14T15:46:50.342Z  INFO [auth-service,trace=,span=] 1 --- [auth-service] [AsyncResolver-bootstrap-executor-0] [                                                 ] c.n.d.s.r.aws.ConfigClusterResolver      : Resolving eureka endpoints via configuration
2026-05-14T15:51:50.297Z  INFO [auth-service,trace=,span=] 1 --- [auth-service] [AsyncResolver-bootstrap-executor-0] [                                                 ] c.n.d.s.r.aws.ConfigClusterResolver      : Resolving eureka endpoints via configuration
2026-05-14T15:56:50.276Z  INFO [auth-service,trace=,span=] 1 --- [auth-service] [AsyncResolver-bootstrap-executor-0] [                                                 ] c.n.d.s.r.aws.ConfigClusterResolver      : Resolving eureka endpoints via configuration
2026-05-14T16:01:50.252Z  INFO [auth-service,trace=,span=] 1 --- [auth-service] [AsyncResolver-bootstrap-executor-0] [                                                 ] c.n.d.s.r.aws.ConfigClusterResolver      : Resolving eureka endpoints via configuration
2026-05-14T16:06:50.201Z  INFO [auth-service,trace=,span=] 1 --- [auth-service] [AsyncResolver-bootstrap-executor-0] [                                                 ] c.n.d.s.r.aws.ConfigClusterResolver      : Resolving eureka endpoints via configuration
2026-05-14T16:11:50.136Z  INFO [auth-service,trace=,span=] 1 --- [auth-service] [AsyncResolver-bootstrap-executor-0] [                                                 ] c.n.d.s.r.aws.ConfigClusterResolver      : Resolving eureka endpoints via configuration
2026-05-14T16:16:50.073Z  INFO [auth-service,trace=,span=] 1 --- [auth-service] [AsyncResolver-bootstrap-executor-0] [                                                 ] c.n.d.s.r.aws.ConfigClusterResolver      : Resolving eureka endpoints via configuration
2026-05-14T16:21:50.020Z  INFO [auth-service,trace=,span=] 1 --- [auth-service] [AsyncResolver-bootstrap-executor-0] [                                                 ] c.n.d.s.r.aws.ConfigClusterResolver      : Resolving eureka endpoints via configuration
